# JRE version: OpenJDK Runtime Environment (8.0_302-b08) (build 1.8.0_302-b08)
# Java VM: OpenJDK 64-Bit Server VM (25.302-b08 mixed mode windows-amd64 compressed oops)
Heap:
 PSYoungGen      total 141824K, used 5188K [0x000000076af80000, 0x000000077c480000, 0x00000007c0000000)
  eden space 131072K, 3% used [0x000000076af80000,0x000000076b4911a8,0x0000000772f80000)
  from space 10752K, 0% used [0x0000000772f80000,0x0000000772f80000,0x0000000773a00000)
  to   space 10752K, 0% used [0x000000077ba00000,0x000000077ba00000,0x000000077c480000)
 ParOldGen       total 136192K, used 20462K [0x00000006c0e00000, 0x00000006c9300000, 0x000000076af80000)
  object space 136192K, 15% used [0x00000006c0e00000,0x00000006c21fb8c8,0x00000006c9300000)
 Metaspace       used 21068K, capacity 21292K, committed 21504K, reserved 1069056K
  class space    used 2682K, capacity 2750K, committed 2816K, reserved 1048576K
GC Heap History (8 events):
Event: 0.394 GC heap before
{Heap before GC invocations=1 (full 0):
 PSYoungGen      total 76288K, used 65536K [0x000000076af80000, 0x0000000770480000, 0x00000007c0000000)
  eden space 65536K, 100% used [0x000000076af80000,0x000000076ef80000,0x000000076ef80000)
  from space 10752K, 0% used [0x000000076fa00000,0x000000076fa00000,0x0000000770480000)
  to   space 10752K, 0% used [0x000000076ef80000,0x000000076ef80000,0x000000076fa00000)
 ParOldGen       total 175104K, used 0K [0x00000006c0e00000, 0x00000006cb900000, 0x000000076af80000)
  object space 175104K, 0% used [0x00000006c0e00000,0x00000006c0e00000,0x00000006cb900000)
 Metaspace       used 8695K, capacity 8808K, committed 9088K, reserved 1056768K
  class space    used 1041K, capacity 1076K, committed 1152K, reserved 1048576K
Event: 0.400 GC heap after
Heap after GC invocations=1 (full 0):
 PSYoungGen      total 76288K, used 10726K [0x000000076af80000, 0x0000000774480000, 0x00000007c0000000)
  eden space 65536K, 0% used [0x000000076af80000,0x000000076af80000,0x000000076ef80000)
  from space 10752K, 99% used [0x000000076ef80000,0x000000076f9f99f0,0x000000076fa00000)
  to   space 10752K, 0% used [0x0000000773a00000,0x0000000773a00000,0x0000000774480000)
 ParOldGen       total 175104K, used 4936K [0x00000006c0e00000, 0x00000006cb900000, 0x000000076af80000)
  object space 175104K, 2% used [0x00000006c0e00000,0x00000006c12d21d0,0x00000006cb900000)
 Metaspace       used 8695K, capacity 8808K, committed 9088K, reserved 1056768K
  class space    used 1041K, capacity 1076K, committed 1152K, reserved 1048576K
}
Event: 0.796 GC heap before
{Heap before GC invocations=2 (full 0):
 PSYoungGen      total 76288K, used 76262K [0x000000076af80000, 0x0000000774480000, 0x00000007c0000000)
  eden space 65536K, 100% used [0x000000076af80000,0x000000076ef80000,0x000000076ef80000)
  from space 10752K, 99% used [0x000000076ef80000,0x000000076f9f99f0,0x000000076fa00000)
  to   space 10752K, 0% used [0x0000000773a00000,0x0000000773a00000,0x0000000774480000)
 ParOldGen       total 175104K, used 4936K [0x00000006c0e00000, 0x00000006cb900000, 0x000000076af80000)
  object space 175104K, 2% used [0x00000006c0e00000,0x00000006c12d21d0,0x00000006cb900000)
 Metaspace       used 15679K, capacity 15818K, committed 16000K, reserved 1062912K
  class space    used 2035K, capacity 2079K, committed 2176K, reserved 1048576K
Event: 0.805 GC heap after
Heap after GC invocations=2 (full 0):
 PSYoungGen      total 141824K, used 10750K [0x000000076af80000, 0x0000000774480000, 0x00000007c0000000)
  eden space 131072K, 0% used [0x000000076af80000,0x000000076af80000,0x0000000772f80000)
  from space 10752K, 99% used [0x0000000773a00000,0x000000077447f870,0x0000000774480000)
  to   space 10752K, 0% used [0x0000000772f80000,0x0000000772f80000,0x0000000773a00000)
 ParOldGen       total 175104K, used 16265K [0x00000006c0e00000, 0x00000006cb900000, 0x000000076af80000)
  object space 175104K, 9% used [0x00000006c0e00000,0x00000006c1de2780,0x00000006cb900000)
 Metaspace       used 15679K, capacity 15818K, committed 16000K, reserved 1062912K
  class space    used 2035K, capacity 2079K, committed 2176K, reserved 1048576K
}
Event: 1.273 GC heap before
{Heap before GC invocations=3 (full 0):
 PSYoungGen      total 141824K, used 60433K [0x000000076af80000, 0x0000000774480000, 0x00000007c0000000)
  eden space 131072K, 37% used [0x000000076af80000,0x000000076e004f28,0x0000000772f80000)
  from space 10752K, 99% used [0x0000000773a00000,0x000000077447f870,0x0000000774480000)
  to   space 10752K, 0% used [0x0000000772f80000,0x0000000772f80000,0x0000000773a00000)
 ParOldGen       total 175104K, used 16265K [0x00000006c0e00000, 0x00000006cb900000, 0x000000076af80000)
  object space 175104K, 9% used [0x00000006c0e00000,0x00000006c1de2780,0x00000006cb900000)
 Metaspace       used 20909K, capacity 21132K, committed 21248K, reserved 1067008K
  class space    used 2656K, capacity 2718K, committed 2816K, reserved 1048576K
Event: 1.280 GC heap after
Heap after GC invocations=3 (full 0):
 PSYoungGen      total 141824K, used 10722K [0x000000076af80000, 0x000000077c480000, 0x00000007c0000000)
  eden space 131072K, 0% used [0x000000076af80000,0x000000076af80000,0x0000000772f80000)
  from space 10752K, 99% used [0x0000000772f80000,0x00000007739f88b0,0x0000000773a00000)
  to   space 10752K, 0% used [0x000000077ba00000,0x000000077ba00000,0x000000077c480000)
 ParOldGen       total 175104K, used 23066K [0x00000006c0e00000, 0x00000006cb900000, 0x000000076af80000)
  object space 175104K, 13% used [0x00000006c0e00000,0x00000006c2486ba8,0x00000006cb900000)
 Metaspace       used 20909K, capacity 21132K, committed 21248K, reserved 1067008K
  class space    used 2656K, capacity 2718K, committed 2816K, reserved 1048576K
}
Event: 1.280 GC heap before
{Heap before GC invocations=4 (full 1):
 PSYoungGen      total 141824K, used 10722K [0x000000076af80000, 0x000000077c480000, 0x00000007c0000000)
  eden space 131072K, 0% used [0x000000076af80000,0x000000076af80000,0x0000000772f80000)
  from space 10752K, 99% used [0x0000000772f80000,0x00000007739f88b0,0x0000000773a00000)
  to   space 10752K, 0% used [0x000000077ba00000,0x000000077ba00000,0x000000077c480000)
 ParOldGen       total 175104K, used 23066K [0x00000006c0e00000, 0x00000006cb900000, 0x000000076af80000)
  object space 175104K, 13% used [0x00000006c0e00000,0x00000006c2486ba8,0x00000006cb900000)
 Metaspace       used 20909K, capacity 21132K, committed 21248K, reserved 1067008K
  class space    used 2656K, capacity 2718K, committed 2816K, reserved 1048576K
Event: 1.312 GC heap after
Heap after GC invocations=4 (full 1):
 PSYoungGen      total 141824K, used 0K [0x000000076af80000, 0x000000077c480000, 0x00000007c0000000)
  eden space 131072K, 0% used [0x000000076af80000,0x000000076af80000,0x0000000772f80000)
  from space 10752K, 0% used [0x0000000772f80000,0x0000000772f80000,0x0000000773a00000)
  to   space 10752K, 0% used [0x000000077ba00000,0x000000077ba00000,0x000000077c480000)
 ParOldGen       total 136192K, used 20462K [0x00000006c0e00000, 0x00000006c9300000, 0x000000076af80000)
  object space 136192K, 15% used [0x00000006c0e00000,0x00000006c21fb8c8,0x00000006c9300000)
 Metaspace       used 20909K, capacity 21132K, committed 21248K, reserved 1067008K
  class space    used 2656K, capacity 2718K, committed 2816K, reserved 1048576K
}

