# JRE version: OpenJDK Runtime Environment (8.0_282-b08) (build 1.8.0_282-b08)
# Java VM: OpenJDK 64-Bit Server VM (25.282-b08 mixed mode windows-amd64 compressed oops)
Heap:
 PSYoungGen      total 140800K, used 5160K [0x000000076b600000, 0x000000077c900000, 0x00000007c0000000)
  eden space 130048K, 3% used [0x000000076b600000,0x000000076bb0a1f0,0x0000000773500000)
  from space 10752K, 0% used [0x0000000773500000,0x0000000773500000,0x0000000773f80000)
  to   space 10752K, 0% used [0x000000077be80000,0x000000077be80000,0x000000077c900000)
 ParOldGen       total 146432K, used 26649K [0x00000006c2200000, 0x00000006cb100000, 0x000000076b600000)
  object space 146432K, 18% used [0x00000006c2200000,0x00000006c3c06720,0x00000006cb100000)
 Metaspace       used 21020K, capacity 21308K, committed 21504K, reserved 1069056K
  class space    used 2675K, capacity 2754K, committed 2816K, reserved 1048576K
GC Heap History (8 events):
Event: 0.653 GC heap before
{Heap before GC invocations=1 (full 0):
 PSYoungGen      total 75776K, used 65024K [0x000000076b600000, 0x0000000770a80000, 0x00000007c0000000)
  eden space 65024K, 100% used [0x000000076b600000,0x000000076f580000,0x000000076f580000)
  from space 10752K, 0% used [0x0000000770000000,0x0000000770000000,0x0000000770a80000)
  to   space 10752K, 0% used [0x000000076f580000,0x000000076f580000,0x0000000770000000)
 ParOldGen       total 173568K, used 0K [0x00000006c2200000, 0x00000006ccb80000, 0x000000076b600000)
  object space 173568K, 0% used [0x00000006c2200000,0x00000006c2200000,0x00000006ccb80000)
 Metaspace       used 8480K, capacity 8608K, committed 8832K, reserved 1056768K
  class space    used 1019K, capacity 1076K, committed 1152K, reserved 1048576K
Event: 0.661 GC heap after
Heap after GC invocations=1 (full 0):
 PSYoungGen      total 75776K, used 10746K [0x000000076b600000, 0x0000000774a00000, 0x00000007c0000000)
  eden space 65024K, 0% used [0x000000076b600000,0x000000076b600000,0x000000076f580000)
  from space 10752K, 99% used [0x000000076f580000,0x000000076fffeb50,0x0000000770000000)
  to   space 10752K, 0% used [0x0000000773f80000,0x0000000773f80000,0x0000000774a00000)
 ParOldGen       total 173568K, used 5621K [0x00000006c2200000, 0x00000006ccb80000, 0x000000076b600000)
  object space 173568K, 3% used [0x00000006c2200000,0x00000006c277d710,0x00000006ccb80000)
 Metaspace       used 8480K, capacity 8608K, committed 8832K, reserved 1056768K
  class space    used 1019K, capacity 1076K, committed 1152K, reserved 1048576K
}
Event: 1.318 GC heap before
{Heap before GC invocations=2 (full 0):
 PSYoungGen      total 75776K, used 75770K [0x000000076b600000, 0x0000000774a00000, 0x00000007c0000000)
  eden space 65024K, 100% used [0x000000076b600000,0x000000076f580000,0x000000076f580000)
  from space 10752K, 99% used [0x000000076f580000,0x000000076fffeb50,0x0000000770000000)
  to   space 10752K, 0% used [0x0000000773f80000,0x0000000773f80000,0x0000000774a00000)
 ParOldGen       total 173568K, used 5621K [0x00000006c2200000, 0x00000006ccb80000, 0x000000076b600000)
  object space 173568K, 3% used [0x00000006c2200000,0x00000006c277d710,0x00000006ccb80000)
 Metaspace       used 15729K, capacity 15874K, committed 16256K, reserved 1062912K
  class space    used 2040K, capacity 2079K, committed 2176K, reserved 1048576K
Event: 1.329 GC heap after
Heap after GC invocations=2 (full 0):
 PSYoungGen      total 140800K, used 10749K [0x000000076b600000, 0x0000000774a00000, 0x00000007c0000000)
  eden space 130048K, 0% used [0x000000076b600000,0x000000076b600000,0x0000000773500000)
  from space 10752K, 99% used [0x0000000773f80000,0x00000007749ff4d0,0x0000000774a00000)
  to   space 10752K, 0% used [0x0000000773500000,0x0000000773500000,0x0000000773f80000)
 ParOldGen       total 173568K, used 17504K [0x00000006c2200000, 0x00000006ccb80000, 0x000000076b600000)
  object space 173568K, 10% used [0x00000006c2200000,0x00000006c3318250,0x00000006ccb80000)
 Metaspace       used 15729K, capacity 15874K, committed 16256K, reserved 1062912K
  class space    used 2040K, capacity 2079K, committed 2176K, reserved 1048576K
}
Event: 2.157 GC heap before
{Heap before GC invocations=3 (full 0):
 PSYoungGen      total 140800K, used 60266K [0x000000076b600000, 0x0000000774a00000, 0x00000007c0000000)
  eden space 130048K, 38% used [0x000000076b600000,0x000000076e65b588,0x0000000773500000)
  from space 10752K, 99% used [0x0000000773f80000,0x00000007749ff4d0,0x0000000774a00000)
  to   space 10752K, 0% used [0x0000000773500000,0x0000000773500000,0x0000000773f80000)
 ParOldGen       total 173568K, used 17504K [0x00000006c2200000, 0x00000006ccb80000, 0x000000076b600000)
  object space 173568K, 10% used [0x00000006c2200000,0x00000006c3318250,0x00000006ccb80000)
 Metaspace       used 20854K, capacity 21084K, committed 21248K, reserved 1067008K
  class space    used 2648K, capacity 2722K, committed 2816K, reserved 1048576K
Event: 2.173 GC heap after
Heap after GC invocations=3 (full 0):
 PSYoungGen      total 140800K, used 10730K [0x000000076b600000, 0x000000077c900000, 0x00000007c0000000)
  eden space 130048K, 0% used [0x000000076b600000,0x000000076b600000,0x0000000773500000)
  from space 10752K, 99% used [0x0000000773500000,0x0000000773f7a9b8,0x0000000773f80000)
  to   space 10752K, 0% used [0x000000077be80000,0x000000077be80000,0x000000077c900000)
 ParOldGen       total 173568K, used 23292K [0x00000006c2200000, 0x00000006ccb80000, 0x000000076b600000)
  object space 173568K, 13% used [0x00000006c2200000,0x00000006c38bf3b8,0x00000006ccb80000)
 Metaspace       used 20854K, capacity 21084K, committed 21248K, reserved 1067008K
  class space    used 2648K, capacity 2722K, committed 2816K, reserved 1048576K
}
Event: 2.173 GC heap before
{Heap before GC invocations=4 (full 1):
 PSYoungGen      total 140800K, used 10730K [0x000000076b600000, 0x000000077c900000, 0x00000007c0000000)
  eden space 130048K, 0% used [0x000000076b600000,0x000000076b600000,0x0000000773500000)
  from space 10752K, 99% used [0x0000000773500000,0x0000000773f7a9b8,0x0000000773f80000)
  to   space 10752K, 0% used [0x000000077be80000,0x000000077be80000,0x000000077c900000)
 ParOldGen       total 173568K, used 23292K [0x00000006c2200000, 0x00000006ccb80000, 0x000000076b600000)
  object space 173568K, 13% used [0x00000006c2200000,0x00000006c38bf3b8,0x00000006ccb80000)
 Metaspace       used 20854K, capacity 21084K, committed 21248K, reserved 1067008K
  class space    used 2648K, capacity 2722K, committed 2816K, reserved 1048576K
Event: 2.230 GC heap after
Heap after GC invocations=4 (full 1):
 PSYoungGen      total 140800K, used 0K [0x000000076b600000, 0x000000077c900000, 0x00000007c0000000)
  eden space 130048K, 0% used [0x000000076b600000,0x000000076b600000,0x0000000773500000)
  from space 10752K, 0% used [0x0000000773500000,0x0000000773500000,0x0000000773f80000)
  to   space 10752K, 0% used [0x000000077be80000,0x000000077be80000,0x000000077c900000)
 ParOldGen       total 146432K, used 26649K [0x00000006c2200000, 0x00000006cb100000, 0x000000076b600000)
  object space 146432K, 18% used [0x00000006c2200000,0x00000006c3c06720,0x00000006cb100000)
 Metaspace       used 20854K, capacity 21084K, committed 21248K, reserved 1067008K
  class space    used 2648K, capacity 2722K, committed 2816K, reserved 1048576K
}

