# JRE version: OpenJDK Runtime Environment (8.0_282-b08) (build 1.8.0_282-b08)
# Java VM: OpenJDK 64-Bit Server VM (25.282-b08 mixed mode windows-amd64 compressed oops)
Heap:
 PSYoungGen      total 140800K, used 5154K [0x000000076b600000, 0x000000077c900000, 0x00000007c0000000)
  eden space 130048K, 3% used [0x000000076b600000,0x000000076bb08950,0x0000000773500000)
  from space 10752K, 0% used [0x0000000773500000,0x0000000773500000,0x0000000773f80000)
  to   space 10752K, 0% used [0x000000077be80000,0x000000077be80000,0x000000077c900000)
 ParOldGen       total 141824K, used 26711K [0x00000006c2200000, 0x00000006cac80000, 0x000000076b600000)
  object space 141824K, 18% used [0x00000006c2200000,0x00000006c3c15d28,0x00000006cac80000)
 Metaspace       used 21032K, capacity 21312K, committed 21504K, reserved 1069056K
  class space    used 2675K, capacity 2754K, committed 2816K, reserved 1048576K
GC Heap History (8 events):
Event: 0.783 GC heap before
{Heap before GC invocations=1 (full 0):
 PSYoungGen      total 75776K, used 65024K [0x000000076b600000, 0x0000000770a80000, 0x00000007c0000000)
  eden space 65024K, 100% used [0x000000076b600000,0x000000076f580000,0x000000076f580000)
  from space 10752K, 0% used [0x0000000770000000,0x0000000770000000,0x0000000770a80000)
  to   space 10752K, 0% used [0x000000076f580000,0x000000076f580000,0x0000000770000000)
 ParOldGen       total 173568K, used 0K [0x00000006c2200000, 0x00000006ccb80000, 0x000000076b600000)
  object space 173568K, 0% used [0x00000006c2200000,0x00000006c2200000,0x00000006ccb80000)
 Metaspace       used 8486K, capacity 8612K, committed 8832K, reserved 1056768K
  class space    used 1019K, capacity 1076K, committed 1152K, reserved 1048576K
Event: 0.792 GC heap after
Heap after GC invocations=1 (full 0):
 PSYoungGen      total 75776K, used 10730K [0x000000076b600000, 0x0000000774a00000, 0x00000007c0000000)
  eden space 65024K, 0% used [0x000000076b600000,0x000000076b600000,0x000000076f580000)
  from space 10752K, 99% used [0x000000076f580000,0x000000076fffab40,0x0000000770000000)
  to   space 10752K, 0% used [0x0000000773f80000,0x0000000773f80000,0x0000000774a00000)
 ParOldGen       total 173568K, used 5614K [0x00000006c2200000, 0x00000006ccb80000, 0x000000076b600000)
  object space 173568K, 3% used [0x00000006c2200000,0x00000006c277b8f8,0x00000006ccb80000)
 Metaspace       used 8486K, capacity 8612K, committed 8832K, reserved 1056768K
  class space    used 1019K, capacity 1076K, committed 1152K, reserved 1048576K
}
Event: 1.456 GC heap before
{Heap before GC invocations=2 (full 0):
 PSYoungGen      total 75776K, used 75754K [0x000000076b600000, 0x0000000774a00000, 0x00000007c0000000)
  eden space 65024K, 100% used [0x000000076b600000,0x000000076f580000,0x000000076f580000)
  from space 10752K, 99% used [0x000000076f580000,0x000000076fffab40,0x0000000770000000)
  to   space 10752K, 0% used [0x0000000773f80000,0x0000000773f80000,0x0000000774a00000)
 ParOldGen       total 173568K, used 5614K [0x00000006c2200000, 0x00000006ccb80000, 0x000000076b600000)
  object space 173568K, 3% used [0x00000006c2200000,0x00000006c277b8f8,0x00000006ccb80000)
 Metaspace       used 15710K, capacity 15814K, committed 16000K, reserved 1062912K
  class space    used 2040K, capacity 2079K, committed 2176K, reserved 1048576K
Event: 1.467 GC heap after
Heap after GC invocations=2 (full 0):
 PSYoungGen      total 140800K, used 10734K [0x000000076b600000, 0x0000000774a00000, 0x00000007c0000000)
  eden space 130048K, 0% used [0x000000076b600000,0x000000076b600000,0x0000000773500000)
  from space 10752K, 99% used [0x0000000773f80000,0x00000007749fb880,0x0000000774a00000)
  to   space 10752K, 0% used [0x0000000773500000,0x0000000773500000,0x0000000773f80000)
 ParOldGen       total 173568K, used 16924K [0x00000006c2200000, 0x00000006ccb80000, 0x000000076b600000)
  object space 173568K, 9% used [0x00000006c2200000,0x00000006c3287010,0x00000006ccb80000)
 Metaspace       used 15710K, capacity 15814K, committed 16000K, reserved 1062912K
  class space    used 2040K, capacity 2079K, committed 2176K, reserved 1048576K
}
Event: 2.379 GC heap before
{Heap before GC invocations=3 (full 0):
 PSYoungGen      total 140800K, used 61443K [0x000000076b600000, 0x0000000774a00000, 0x00000007c0000000)
  eden space 130048K, 38% used [0x000000076b600000,0x000000076e785530,0x0000000773500000)
  from space 10752K, 99% used [0x0000000773f80000,0x00000007749fb880,0x0000000774a00000)
  to   space 10752K, 0% used [0x0000000773500000,0x0000000773500000,0x0000000773f80000)
 ParOldGen       total 173568K, used 16924K [0x00000006c2200000, 0x00000006ccb80000, 0x000000076b600000)
  object space 173568K, 9% used [0x00000006c2200000,0x00000006c3287010,0x00000006ccb80000)
 Metaspace       used 20930K, capacity 21184K, committed 21248K, reserved 1067008K
  class space    used 2659K, capacity 2754K, committed 2816K, reserved 1048576K
Event: 2.397 GC heap after
Heap after GC invocations=3 (full 0):
 PSYoungGen      total 140800K, used 10730K [0x000000076b600000, 0x000000077c900000, 0x00000007c0000000)
  eden space 130048K, 0% used [0x000000076b600000,0x000000076b600000,0x0000000773500000)
  from space 10752K, 99% used [0x0000000773500000,0x0000000773f7a9c8,0x0000000773f80000)
  to   space 10752K, 0% used [0x000000077be80000,0x000000077be80000,0x000000077c900000)
 ParOldGen       total 173568K, used 23334K [0x00000006c2200000, 0x00000006ccb80000, 0x000000076b600000)
  object space 173568K, 13% used [0x00000006c2200000,0x00000006c38c9910,0x00000006ccb80000)
 Metaspace       used 20930K, capacity 21184K, committed 21248K, reserved 1067008K
  class space    used 2659K, capacity 2754K, committed 2816K, reserved 1048576K
}
Event: 2.398 GC heap before
{Heap before GC invocations=4 (full 1):
 PSYoungGen      total 140800K, used 10730K [0x000000076b600000, 0x000000077c900000, 0x00000007c0000000)
  eden space 130048K, 0% used [0x000000076b600000,0x000000076b600000,0x0000000773500000)
  from space 10752K, 99% used [0x0000000773500000,0x0000000773f7a9c8,0x0000000773f80000)
  to   space 10752K, 0% used [0x000000077be80000,0x000000077be80000,0x000000077c900000)
 ParOldGen       total 173568K, used 23334K [0x00000006c2200000, 0x00000006ccb80000, 0x000000076b600000)
  object space 173568K, 13% used [0x00000006c2200000,0x00000006c38c9910,0x00000006ccb80000)
 Metaspace       used 20930K, capacity 21184K, committed 21248K, reserved 1067008K
  class space    used 2659K, capacity 2754K, committed 2816K, reserved 1048576K
Event: 2.449 GC heap after
Heap after GC invocations=4 (full 1):
 PSYoungGen      total 140800K, used 0K [0x000000076b600000, 0x000000077c900000, 0x00000007c0000000)
  eden space 130048K, 0% used [0x000000076b600000,0x000000076b600000,0x0000000773500000)
  from space 10752K, 0% used [0x0000000773500000,0x0000000773500000,0x0000000773f80000)
  to   space 10752K, 0% used [0x000000077be80000,0x000000077be80000,0x000000077c900000)
 ParOldGen       total 141824K, used 26711K [0x00000006c2200000, 0x00000006cac80000, 0x000000076b600000)
  object space 141824K, 18% used [0x00000006c2200000,0x00000006c3c15d28,0x00000006cac80000)
 Metaspace       used 20930K, capacity 21184K, committed 21248K, reserved 1067008K
  class space    used 2659K, capacity 2754K, committed 2816K, reserved 1048576K
}

